{
"contracts\\NftMarketplace.sol":{"l":{"51":8,"52":8,"53":2,"55":6,"63":17,"64":17,"65":17,"66":2,"68":15,"76":14,"77":14,"78":1,"80":13,"92":12,"93":1,"95":11,"96":11,"97":1,"100":10,"101":10,"110":4,"111":4,"112":1,"115":3,"116":3,"118":3,"119":3,"127":2,"128":2,"136":0,"137":0,"141":0,"142":0,"143":0,"146":0,"147":0,"149":0,"150":0,"159":6,"163":1},"path":"C:\\Users\\PC\\Desktop\\Programacion\\Blockchain\\hardhat-nft-marketplace\\contracts\\NftMarketplace.sol","s":{"1":8,"2":8,"3":17,"4":17,"5":17,"6":14,"7":14,"8":12,"9":11,"10":11,"11":10,"12":10,"13":4,"14":4,"15":3,"16":3,"17":3,"18":2,"19":0,"20":0,"21":0,"22":0,"23":0,"24":0,"25":0,"26":6,"27":1},"b":{"1":[2,6],"2":[2,15],"3":[1,13],"4":[1,11],"5":[1,10],"6":[1,3],"7":[0,0],"8":[0,0]},"f":{"1":3,"2":8,"3":17,"4":14,"5":12,"6":4,"7":2,"8":0,"9":0,"10":6,"11":1},"fnMap":{"1":{"name":"constructor","line":45,"loc":{"start":{"line":45,"column":2},"end":{"line":45,"column":17}}},"2":{"name":"isListed","line":50,"loc":{"start":{"line":50,"column":2},"end":{"line":56,"column":2}}},"3":{"name":"isOwner","line":58,"loc":{"start":{"line":58,"column":2},"end":{"line":69,"column":2}}},"4":{"name":"notListed","line":71,"loc":{"start":{"line":71,"column":2},"end":{"line":81,"column":2}}},"5":{"name":"listItem","line":91,"loc":{"start":{"line":87,"column":2},"end":{"line":102,"column":2}}},"6":{"name":"buyItem","line":108,"loc":{"start":{"line":104,"column":2},"end":{"line":120,"column":2}}},"7":{"name":"cancelListing","line":125,"loc":{"start":{"line":122,"column":2},"end":{"line":129,"column":2}}},"8":{"name":"updateListings","line":135,"loc":{"start":{"line":131,"column":2},"end":{"line":138,"column":2}}},"9":{"name":"withdrawProceeds","line":140,"loc":{"start":{"line":140,"column":2},"end":{"line":152,"column":2}}},"10":{"name":"getListing","line":158,"loc":{"start":{"line":158,"column":2},"end":{"line":160,"column":2}}},"11":{"name":"getProceeds","line":162,"loc":{"start":{"line":162,"column":2},"end":{"line":164,"column":2}}}},"statementMap":{"1":{"start":{"line":51,"column":4},"end":{"line":51,"column":60}},"2":{"start":{"line":52,"column":4},"end":{"line":52,"column":1587}},"3":{"start":{"line":63,"column":4},"end":{"line":63,"column":37}},"4":{"start":{"line":64,"column":4},"end":{"line":64,"column":40}},"5":{"start":{"line":65,"column":4},"end":{"line":65,"column":1881}},"6":{"start":{"line":76,"column":4},"end":{"line":76,"column":60}},"7":{"start":{"line":77,"column":4},"end":{"line":77,"column":2133}},"8":{"start":{"line":92,"column":4},"end":{"line":92,"column":2514}},"9":{"start":{"line":95,"column":4},"end":{"line":95,"column":37}},"10":{"start":{"line":96,"column":4},"end":{"line":96,"column":2638}},"11":{"start":{"line":100,"column":4},"end":{"line":100,"column":63}},"12":{"start":{"line":101,"column":4},"end":{"line":101,"column":59}},"13":{"start":{"line":110,"column":4},"end":{"line":110,"column":63}},"14":{"start":{"line":111,"column":4},"end":{"line":111,"column":3104}},"15":{"start":{"line":115,"column":4},"end":{"line":115,"column":76}},"16":{"start":{"line":118,"column":4},"end":{"line":118,"column":79}},"17":{"start":{"line":119,"column":4},"end":{"line":119,"column":70}},"18":{"start":{"line":128,"column":4},"end":{"line":128,"column":52}},"19":{"start":{"line":136,"column":4},"end":{"line":136,"column":51}},"20":{"start":{"line":137,"column":4},"end":{"line":137,"column":62}},"21":{"start":{"line":141,"column":4},"end":{"line":141,"column":45}},"22":{"start":{"line":142,"column":4},"end":{"line":142,"column":4201}},"23":{"start":{"line":146,"column":4},"end":{"line":146,"column":29}},"24":{"start":{"line":147,"column":4},"end":{"line":147,"column":68}},"25":{"start":{"line":149,"column":4},"end":{"line":149,"column":4386}},"26":{"start":{"line":159,"column":4},"end":{"line":159,"column":42}},"27":{"start":{"line":163,"column":4},"end":{"line":163,"column":29}}},"branchMap":{"1":{"line":52,"type":"if","locations":[{"start":{"line":52,"column":4},"end":{"line":52,"column":4}},{"start":{"line":52,"column":4},"end":{"line":52,"column":4}}]},"2":{"line":65,"type":"if","locations":[{"start":{"line":65,"column":4},"end":{"line":65,"column":4}},{"start":{"line":65,"column":4},"end":{"line":65,"column":4}}]},"3":{"line":77,"type":"if","locations":[{"start":{"line":77,"column":4},"end":{"line":77,"column":4}},{"start":{"line":77,"column":4},"end":{"line":77,"column":4}}]},"4":{"line":92,"type":"if","locations":[{"start":{"line":92,"column":4},"end":{"line":92,"column":4}},{"start":{"line":92,"column":4},"end":{"line":92,"column":4}}]},"5":{"line":96,"type":"if","locations":[{"start":{"line":96,"column":4},"end":{"line":96,"column":4}},{"start":{"line":96,"column":4},"end":{"line":96,"column":4}}]},"6":{"line":111,"type":"if","locations":[{"start":{"line":111,"column":4},"end":{"line":111,"column":4}},{"start":{"line":111,"column":4},"end":{"line":111,"column":4}}]},"7":{"line":142,"type":"if","locations":[{"start":{"line":142,"column":4},"end":{"line":142,"column":4}},{"start":{"line":142,"column":4},"end":{"line":142,"column":4}}]},"8":{"line":149,"type":"if","locations":[{"start":{"line":149,"column":4},"end":{"line":149,"column":4}},{"start":{"line":149,"column":4},"end":{"line":149,"column":4}}]}}},
"contracts\\test\\basicNft.sol":{"l":{"14":3,"18":14,"19":14,"20":14,"24":0,"25":0,"29":0},"path":"C:\\Users\\PC\\Desktop\\Programacion\\Blockchain\\hardhat-nft-marketplace\\contracts\\test\\basicNft.sol","s":{"1":3,"2":14,"3":14,"4":14,"5":0,"6":0,"7":0},"b":{"1":[0,0]},"f":{"1":3,"2":14,"3":0,"4":0},"fnMap":{"1":{"name":"constructor","line":13,"loc":{"start":{"line":13,"column":4},"end":{"line":15,"column":4}}},"2":{"name":"mintNft","line":17,"loc":{"start":{"line":17,"column":4},"end":{"line":21,"column":4}}},"3":{"name":"tokenURI","line":23,"loc":{"start":{"line":23,"column":4},"end":{"line":26,"column":4}}},"4":{"name":"getTokenCounter","line":28,"loc":{"start":{"line":28,"column":4},"end":{"line":30,"column":4}}}},"statementMap":{"1":{"start":{"line":14,"column":8},"end":{"line":14,"column":25}},"2":{"start":{"line":18,"column":8},"end":{"line":18,"column":44}},"3":{"start":{"line":19,"column":8},"end":{"line":19,"column":38}},"4":{"start":{"line":20,"column":8},"end":{"line":20,"column":42}},"5":{"start":{"line":24,"column":8},"end":{"line":24,"column":83}},"6":{"start":{"line":25,"column":8},"end":{"line":25,"column":24}},"7":{"start":{"line":29,"column":8},"end":{"line":29,"column":29}}},"branchMap":{"1":{"line":24,"type":"if","locations":[{"start":{"line":24,"column":8},"end":{"line":24,"column":8}},{"start":{"line":24,"column":8},"end":{"line":24,"column":8}}]}}}}
