{
"contracts\\NftMarketplace.sol":{"l":{"51":10,"52":10,"53":2,"55":8,"63":19,"64":19,"65":19,"66":2,"68":17,"76":16,"77":16,"78":1,"80":15,"92":14,"93":1,"95":13,"96":13,"97":1,"100":12,"101":12,"110":6,"111":6,"112":1,"115":5,"116":5,"118":5,"119":5,"127":2,"128":2,"136":0,"137":0,"141":3,"142":3,"143":1,"146":2,"147":2,"149":2,"150":0,"159":6,"163":2},"path":"C:\\Users\\PC\\Desktop\\Programacion\\Blockchain\\hardhat-nft-marketplace\\contracts\\NftMarketplace.sol","s":{"1":10,"2":10,"3":19,"4":19,"5":19,"6":16,"7":16,"8":14,"9":13,"10":13,"11":12,"12":12,"13":6,"14":6,"15":5,"16":5,"17":5,"18":2,"19":0,"20":0,"21":3,"22":3,"23":2,"24":2,"25":2,"26":6,"27":2},"b":{"1":[2,8],"2":[2,17],"3":[1,15],"4":[1,13],"5":[1,12],"6":[1,5],"7":[1,2],"8":[0,2]},"f":{"1":3,"2":10,"3":19,"4":16,"5":14,"6":6,"7":2,"8":0,"9":3,"10":6,"11":2},"fnMap":{"1":{"name":"constructor","line":45,"loc":{"start":{"line":45,"column":2},"end":{"line":45,"column":17}}},"2":{"name":"isListed","line":50,"loc":{"start":{"line":50,"column":2},"end":{"line":56,"column":2}}},"3":{"name":"isOwner","line":58,"loc":{"start":{"line":58,"column":2},"end":{"line":69,"column":2}}},"4":{"name":"notListed","line":71,"loc":{"start":{"line":71,"column":2},"end":{"line":81,"column":2}}},"5":{"name":"listItem","line":91,"loc":{"start":{"line":87,"column":2},"end":{"line":102,"column":2}}},"6":{"name":"buyItem","line":108,"loc":{"start":{"line":104,"column":2},"end":{"line":120,"column":2}}},"7":{"name":"cancelListing","line":125,"loc":{"start":{"line":122,"column":2},"end":{"line":129,"column":2}}},"8":{"name":"updateListings","line":135,"loc":{"start":{"line":131,"column":2},"end":{"line":138,"column":2}}},"9":{"name":"withdrawProceeds","line":140,"loc":{"start":{"line":140,"column":2},"end":{"line":152,"column":2}}},"10":{"name":"getListing","line":158,"loc":{"start":{"line":158,"column":2},"end":{"line":160,"column":2}}},"11":{"name":"getProceeds","line":162,"loc":{"start":{"line":162,"column":2},"end":{"line":164,"column":2}}}},"statementMap":{"1":{"start":{"line":51,"column":4},"end":{"line":51,"column":60}},"2":{"start":{"line":52,"column":4},"end":{"line":52,"column":1587}},"3":{"start":{"line":63,"column":4},"end":{"line":63,"column":37}},"4":{"start":{"line":64,"column":4},"end":{"line":64,"column":40}},"5":{"start":{"line":65,"column":4},"end":{"line":65,"column":1881}},"6":{"start":{"line":76,"column":4},"end":{"line":76,"column":60}},"7":{"start":{"line":77,"column":4},"end":{"line":77,"column":2133}},"8":{"start":{"line":92,"column":4},"end":{"line":92,"column":2514}},"9":{"start":{"line":95,"column":4},"end":{"line":95,"column":37}},"10":{"start":{"line":96,"column":4},"end":{"line":96,"column":2638}},"11":{"start":{"line":100,"column":4},"end":{"line":100,"column":63}},"12":{"start":{"line":101,"column":4},"end":{"line":101,"column":59}},"13":{"start":{"line":110,"column":4},"end":{"line":110,"column":63}},"14":{"start":{"line":111,"column":4},"end":{"line":111,"column":3104}},"15":{"start":{"line":115,"column":4},"end":{"line":115,"column":76}},"16":{"start":{"line":118,"column":4},"end":{"line":118,"column":79}},"17":{"start":{"line":119,"column":4},"end":{"line":119,"column":70}},"18":{"start":{"line":128,"column":4},"end":{"line":128,"column":52}},"19":{"start":{"line":136,"column":4},"end":{"line":136,"column":51}},"20":{"start":{"line":137,"column":4},"end":{"line":137,"column":62}},"21":{"start":{"line":141,"column":4},"end":{"line":141,"column":45}},"22":{"start":{"line":142,"column":4},"end":{"line":142,"column":4201}},"23":{"start":{"line":146,"column":4},"end":{"line":146,"column":29}},"24":{"start":{"line":147,"column":4},"end":{"line":147,"column":68}},"25":{"start":{"line":149,"column":4},"end":{"line":149,"column":4386}},"26":{"start":{"line":159,"column":4},"end":{"line":159,"column":42}},"27":{"start":{"line":163,"column":4},"end":{"line":163,"column":29}}},"branchMap":{"1":{"line":52,"type":"if","locations":[{"start":{"line":52,"column":4},"end":{"line":52,"column":4}},{"start":{"line":52,"column":4},"end":{"line":52,"column":4}}]},"2":{"line":65,"type":"if","locations":[{"start":{"line":65,"column":4},"end":{"line":65,"column":4}},{"start":{"line":65,"column":4},"end":{"line":65,"column":4}}]},"3":{"line":77,"type":"if","locations":[{"start":{"line":77,"column":4},"end":{"line":77,"column":4}},{"start":{"line":77,"column":4},"end":{"line":77,"column":4}}]},"4":{"line":92,"type":"if","locations":[{"start":{"line":92,"column":4},"end":{"line":92,"column":4}},{"start":{"line":92,"column":4},"end":{"line":92,"column":4}}]},"5":{"line":96,"type":"if","locations":[{"start":{"line":96,"column":4},"end":{"line":96,"column":4}},{"start":{"line":96,"column":4},"end":{"line":96,"column":4}}]},"6":{"line":111,"type":"if","locations":[{"start":{"line":111,"column":4},"end":{"line":111,"column":4}},{"start":{"line":111,"column":4},"end":{"line":111,"column":4}}]},"7":{"line":142,"type":"if","locations":[{"start":{"line":142,"column":4},"end":{"line":142,"column":4}},{"start":{"line":142,"column":4},"end":{"line":142,"column":4}}]},"8":{"line":149,"type":"if","locations":[{"start":{"line":149,"column":4},"end":{"line":149,"column":4}},{"start":{"line":149,"column":4},"end":{"line":149,"column":4}}]}}},
"contracts\\test\\basicNft.sol":{"l":{"14":3,"18":16,"19":16,"20":16,"24":0,"25":0,"29":0},"path":"C:\\Users\\PC\\Desktop\\Programacion\\Blockchain\\hardhat-nft-marketplace\\contracts\\test\\basicNft.sol","s":{"1":3,"2":16,"3":16,"4":16,"5":0,"6":0,"7":0},"b":{"1":[0,0]},"f":{"1":3,"2":16,"3":0,"4":0},"fnMap":{"1":{"name":"constructor","line":13,"loc":{"start":{"line":13,"column":4},"end":{"line":15,"column":4}}},"2":{"name":"mintNft","line":17,"loc":{"start":{"line":17,"column":4},"end":{"line":21,"column":4}}},"3":{"name":"tokenURI","line":23,"loc":{"start":{"line":23,"column":4},"end":{"line":26,"column":4}}},"4":{"name":"getTokenCounter","line":28,"loc":{"start":{"line":28,"column":4},"end":{"line":30,"column":4}}}},"statementMap":{"1":{"start":{"line":14,"column":8},"end":{"line":14,"column":25}},"2":{"start":{"line":18,"column":8},"end":{"line":18,"column":44}},"3":{"start":{"line":19,"column":8},"end":{"line":19,"column":38}},"4":{"start":{"line":20,"column":8},"end":{"line":20,"column":42}},"5":{"start":{"line":24,"column":8},"end":{"line":24,"column":83}},"6":{"start":{"line":25,"column":8},"end":{"line":25,"column":24}},"7":{"start":{"line":29,"column":8},"end":{"line":29,"column":29}}},"branchMap":{"1":{"line":24,"type":"if","locations":[{"start":{"line":24,"column":8},"end":{"line":24,"column":8}},{"start":{"line":24,"column":8},"end":{"line":24,"column":8}}]}}}}
