TN:
SF:C:\Users\PC\Desktop\Programacion\Blockchain\hardhat-nft-marketplace\contracts\NftMarketplace.sol
FN:45,constructor
FN:50,isListed
FN:58,isOwner
FN:71,notListed
FN:91,listItem
FN:108,buyItem
FN:125,cancelListing
FN:135,updateListings
FN:140,withdrawProceeds
FN:158,getListing
FN:162,getProceeds
FNF:11
FNH:9
FNDA:3,constructor
FNDA:8,isListed
FNDA:17,isOwner
FNDA:14,notListed
FNDA:12,listItem
FNDA:4,buyItem
FNDA:2,cancelListing
FNDA:0,updateListings
FNDA:0,withdrawProceeds
FNDA:6,getListing
FNDA:1,getProceeds
DA:51,8
DA:52,8
DA:53,2
DA:55,6
DA:63,17
DA:64,17
DA:65,17
DA:66,2
DA:68,15
DA:76,14
DA:77,14
DA:78,1
DA:80,13
DA:92,12
DA:93,1
DA:95,11
DA:96,11
DA:97,1
DA:100,10
DA:101,10
DA:110,4
DA:111,4
DA:112,1
DA:115,3
DA:116,3
DA:118,3
DA:119,3
DA:127,2
DA:128,2
DA:136,0
DA:137,0
DA:141,0
DA:142,0
DA:143,0
DA:146,0
DA:147,0
DA:149,0
DA:150,0
DA:159,6
DA:163,1
LF:40
LH:31
BRDA:52,1,0,2
BRDA:52,1,1,6
BRDA:65,2,0,2
BRDA:65,2,1,15
BRDA:77,3,0,1
BRDA:77,3,1,13
BRDA:92,4,0,1
BRDA:92,4,1,11
BRDA:96,5,0,1
BRDA:96,5,1,10
BRDA:111,6,0,1
BRDA:111,6,1,3
BRDA:142,7,0,0
BRDA:142,7,1,0
BRDA:149,8,0,0
BRDA:149,8,1,0
BRF:16
BRH:12
end_of_record
TN:
SF:C:\Users\PC\Desktop\Programacion\Blockchain\hardhat-nft-marketplace\contracts\test\basicNft.sol
FN:13,constructor
FN:17,mintNft
FN:23,tokenURI
FN:28,getTokenCounter
FNF:4
FNH:2
FNDA:3,constructor
FNDA:14,mintNft
FNDA:0,tokenURI
FNDA:0,getTokenCounter
DA:14,3
DA:18,14
DA:19,14
DA:20,14
DA:24,0
DA:25,0
DA:29,0
LF:7
LH:4
BRDA:24,1,0,0
BRDA:24,1,1,0
BRF:2
BRH:0
end_of_record
