TN:
SF:C:\Users\PC\Desktop\Programacion\Blockchain\hardhat-nft-marketplace\contracts\NftMarketplace.sol
FN:45,constructor
FN:50,isListed
FN:58,isOwner
FN:71,notListed
FN:91,listItem
FN:108,buyItem
FN:125,cancelListing
FN:135,updateListings
FN:140,withdrawProceeds
FN:158,getListing
FN:162,getProceeds
FNF:11
FNH:10
FNDA:3,constructor
FNDA:10,isListed
FNDA:19,isOwner
FNDA:16,notListed
FNDA:14,listItem
FNDA:6,buyItem
FNDA:2,cancelListing
FNDA:0,updateListings
FNDA:3,withdrawProceeds
FNDA:6,getListing
FNDA:2,getProceeds
DA:51,10
DA:52,10
DA:53,2
DA:55,8
DA:63,19
DA:64,19
DA:65,19
DA:66,2
DA:68,17
DA:76,16
DA:77,16
DA:78,1
DA:80,15
DA:92,14
DA:93,1
DA:95,13
DA:96,13
DA:97,1
DA:100,12
DA:101,12
DA:110,6
DA:111,6
DA:112,1
DA:115,5
DA:116,5
DA:118,5
DA:119,5
DA:127,2
DA:128,2
DA:136,0
DA:137,0
DA:141,3
DA:142,3
DA:143,1
DA:146,2
DA:147,2
DA:149,2
DA:150,0
DA:159,6
DA:163,2
LF:40
LH:37
BRDA:52,1,0,2
BRDA:52,1,1,8
BRDA:65,2,0,2
BRDA:65,2,1,17
BRDA:77,3,0,1
BRDA:77,3,1,15
BRDA:92,4,0,1
BRDA:92,4,1,13
BRDA:96,5,0,1
BRDA:96,5,1,12
BRDA:111,6,0,1
BRDA:111,6,1,5
BRDA:142,7,0,1
BRDA:142,7,1,2
BRDA:149,8,0,0
BRDA:149,8,1,2
BRF:16
BRH:15
end_of_record
TN:
SF:C:\Users\PC\Desktop\Programacion\Blockchain\hardhat-nft-marketplace\contracts\test\basicNft.sol
FN:13,constructor
FN:17,mintNft
FN:23,tokenURI
FN:28,getTokenCounter
FNF:4
FNH:2
FNDA:3,constructor
FNDA:16,mintNft
FNDA:0,tokenURI
FNDA:0,getTokenCounter
DA:14,3
DA:18,16
DA:19,16
DA:20,16
DA:24,0
DA:25,0
DA:29,0
LF:7
LH:4
BRDA:24,1,0,0
BRDA:24,1,1,0
BRF:2
BRH:0
end_of_record
